06/01/2026 18:30:51  INFO TestBase:55 - Log4j configured successfully
06/01/2026 18:30:51  INFO TestBase:65 - Properties loaded successfully
06/01/2026 18:30:52  INFO WebDriverManager:1217 - Using chromedriver 143.0.7499.169 (resolved driver for Chrome 143)
06/01/2026 18:30:52  INFO WebDriverManager:1270 - Exporting webdriver.chrome.driver as C:\Users\gonza\.cache\selenium\chromedriver\win64\143.0.7499.169\chromedriver.exe
06/01/2026 18:30:57  INFO TestBase:100 - Browser closed and test execution completed
06/01/2026 18:31:40  INFO TestBase:55 - Log4j configured successfully
06/01/2026 18:31:40  INFO TestBase:65 - Properties loaded successfully
06/01/2026 18:31:41  INFO WebDriverManager:1217 - Using chromedriver 143.0.7499.169 (resolved driver for Chrome 143)
06/01/2026 18:31:41  INFO WebDriverManager:1270 - Exporting webdriver.chrome.driver as C:\Users\gonza\.cache\selenium\chromedriver\win64\143.0.7499.169\chromedriver.exe
06/01/2026 18:31:50  INFO TestBase:100 - Browser closed and test execution completed
06/01/2026 18:32:00  INFO TestBase:55 - Log4j configured successfully
06/01/2026 18:32:00  INFO TestBase:65 - Properties loaded successfully
06/01/2026 18:32:00  INFO WebDriverManager:1217 - Using chromedriver 143.0.7499.169 (resolved driver for Chrome 143)
06/01/2026 18:32:00  INFO WebDriverManager:1270 - Exporting webdriver.chrome.driver as C:\Users\gonza\.cache\selenium\chromedriver\win64\143.0.7499.169\chromedriver.exe
06/01/2026 18:32:07  INFO TestBase:100 - Browser closed and test execution completed
06/01/2026 18:32:32  INFO TestBase:55 - Log4j configured successfully
06/01/2026 18:32:32  INFO TestBase:65 - Properties loaded successfully
06/01/2026 18:32:32  INFO WebDriverManager:1217 - Using chromedriver 143.0.7499.169 (resolved driver for Chrome 143)
06/01/2026 18:32:33  INFO WebDriverManager:1270 - Exporting webdriver.chrome.driver as C:\Users\gonza\.cache\selenium\chromedriver\win64\143.0.7499.169\chromedriver.exe
06/01/2026 18:32:45  INFO TestBase:100 - Browser closed and test execution completed
07/01/2026 12:33:26  INFO TestBase:58 - Log4j configured successfully
07/01/2026 12:33:26  INFO TestBase:68 - Properties loaded successfully
07/01/2026 12:33:28  INFO WebDriverManager:1217 - Using chromedriver 143.0.7499.169 (resolved driver for Chrome 143)
07/01/2026 12:33:28  INFO WebDriverManager:1270 - Exporting webdriver.chrome.driver as C:\Users\gonza\.cache\selenium\chromedriver\win64\143.0.7499.169\chromedriver.exe
07/01/2026 12:33:41  INFO TestBase:103 - Browser closed and test execution completed
07/01/2026 12:35:41  INFO TestBase:58 - Log4j configured successfully
07/01/2026 12:35:41  INFO TestBase:68 - Properties loaded successfully
07/01/2026 12:35:41  INFO WebDriverManager:1217 - Using chromedriver 143.0.7499.169 (resolved driver for Chrome 143)
07/01/2026 12:35:41  INFO WebDriverManager:1270 - Exporting webdriver.chrome.driver as C:\Users\gonza\.cache\selenium\chromedriver\win64\143.0.7499.169\chromedriver.exe
07/01/2026 12:35:53  INFO TestBase:103 - Browser closed and test execution completed
07/01/2026 13:40:52  INFO TestBase:59 - Log4j configured successfully
07/01/2026 13:40:52  INFO TestBase:69 - Properties loaded successfully
07/01/2026 13:40:53  INFO WebDriverManager:1217 - Using chromedriver 143.0.7499.169 (resolved driver for Chrome 143)
07/01/2026 13:40:53  INFO WebDriverManager:1270 - Exporting webdriver.chrome.driver as C:\Users\gonza\.cache\selenium\chromedriver\win64\143.0.7499.169\chromedriver.exe
07/01/2026 13:41:06  INFO TestBase:104 - Browser closed and test execution completed
07/01/2026 13:41:18  INFO TestBase:59 - Log4j configured successfully
07/01/2026 13:41:18  INFO TestBase:69 - Properties loaded successfully
07/01/2026 13:41:18  INFO WebDriverManager:1217 - Using chromedriver 143.0.7499.169 (resolved driver for Chrome 143)
07/01/2026 13:41:18  INFO WebDriverManager:1270 - Exporting webdriver.chrome.driver as C:\Users\gonza\.cache\selenium\chromedriver\win64\143.0.7499.169\chromedriver.exe
07/01/2026 13:41:24  INFO TestBase:104 - Browser closed and test execution completed
07/01/2026 13:44:52  INFO TestBase:59 - Log4j configured successfully
07/01/2026 13:44:52  INFO TestBase:69 - Properties loaded successfully
07/01/2026 13:44:53  INFO WebDriverManager:1217 - Using chromedriver 143.0.7499.169 (resolved driver for Chrome 143)
07/01/2026 13:44:53  INFO WebDriverManager:1270 - Exporting webdriver.chrome.driver as C:\Users\gonza\.cache\selenium\chromedriver\win64\143.0.7499.169\chromedriver.exe
07/01/2026 13:45:05  INFO TestBase:104 - Browser closed and test execution completed
13/01/2026 11:42:32  INFO TestBase:59 - Log4j configured successfully
13/01/2026 11:42:32  INFO TestBase:69 - Properties loaded successfully
13/01/2026 11:42:33  INFO WebDriverManager:1217 - Using chromedriver 143.0.7499.192 (resolved driver for Chrome 143)
13/01/2026 11:42:33  INFO WebDriverManager:1270 - Exporting webdriver.chrome.driver as C:\Users\gonza\.cache\selenium\chromedriver\win64\143.0.7499.192\chromedriver.exe
13/01/2026 11:42:43  INFO TestBase:104 - Browser closed and test execution completed
13/01/2026 11:59:53  INFO TestBase:59 - Log4j configured successfully
13/01/2026 11:59:53  INFO TestBase:69 - Properties loaded successfully
13/01/2026 11:59:54  INFO WebDriverManager:1217 - Using chromedriver 143.0.7499.192 (resolved driver for Chrome 143)
13/01/2026 11:59:54  INFO WebDriverManager:1270 - Exporting webdriver.chrome.driver as C:\Users\gonza\.cache\selenium\chromedriver\win64\143.0.7499.192\chromedriver.exe
13/01/2026 12:00:04  INFO TestBase:104 - Browser closed and test execution completed
13/01/2026 12:00:37  INFO TestBase:59 - Log4j configured successfully
13/01/2026 12:00:37  INFO TestBase:69 - Properties loaded successfully
13/01/2026 12:00:37  INFO WebDriverManager:1217 - Using chromedriver 143.0.7499.192 (resolved driver for Chrome 143)
13/01/2026 12:00:37  INFO WebDriverManager:1270 - Exporting webdriver.chrome.driver as C:\Users\gonza\.cache\selenium\chromedriver\win64\143.0.7499.192\chromedriver.exe
13/01/2026 12:00:41  INFO TestBase:104 - Browser closed and test execution completed
13/01/2026 12:01:06  INFO TestBase:59 - Log4j configured successfully
13/01/2026 12:01:06  INFO TestBase:69 - Properties loaded successfully
13/01/2026 12:01:06  INFO WebDriverManager:1217 - Using chromedriver 143.0.7499.192 (resolved driver for Chrome 143)
13/01/2026 12:01:06  INFO WebDriverManager:1270 - Exporting webdriver.chrome.driver as C:\Users\gonza\.cache\selenium\chromedriver\win64\143.0.7499.192\chromedriver.exe
13/01/2026 12:01:16  INFO TestBase:104 - Browser closed and test execution completed
13/01/2026 12:02:53  INFO TestBase:59 - Log4j configured successfully
13/01/2026 12:02:53  INFO TestBase:69 - Properties loaded successfully
13/01/2026 12:02:53  INFO WebDriverManager:1217 - Using chromedriver 143.0.7499.192 (resolved driver for Chrome 143)
13/01/2026 12:02:53  INFO WebDriverManager:1270 - Exporting webdriver.chrome.driver as C:\Users\gonza\.cache\selenium\chromedriver\win64\143.0.7499.192\chromedriver.exe
13/01/2026 12:03:03  INFO TestBase:104 - Browser closed and test execution completed
13/01/2026 12:04:05  INFO TestBase:59 - Log4j configured successfully
13/01/2026 12:04:05  INFO TestBase:69 - Properties loaded successfully
13/01/2026 12:04:05  INFO WebDriverManager:1217 - Using chromedriver 143.0.7499.192 (resolved driver for Chrome 143)
13/01/2026 12:04:05  INFO WebDriverManager:1270 - Exporting webdriver.chrome.driver as C:\Users\gonza\.cache\selenium\chromedriver\win64\143.0.7499.192\chromedriver.exe
13/01/2026 12:04:15  INFO TestBase:104 - Browser closed and test execution completed
13/01/2026 12:13:40  INFO TestBase:59 - Log4j configured successfully
13/01/2026 12:13:40  INFO TestBase:69 - Properties loaded successfully
13/01/2026 12:13:41  INFO WebDriverManager:1217 - Using chromedriver 143.0.7499.192 (resolved driver for Chrome 143)
13/01/2026 12:13:41  INFO WebDriverManager:1270 - Exporting webdriver.chrome.driver as C:\Users\gonza\.cache\selenium\chromedriver\win64\143.0.7499.192\chromedriver.exe
13/01/2026 12:13:45  INFO TestBase:104 - Browser closed and test execution completed
13/01/2026 12:14:29  INFO TestBase:59 - Log4j configured successfully
13/01/2026 12:14:29  INFO TestBase:69 - Properties loaded successfully
13/01/2026 12:14:29  INFO WebDriverManager:1217 - Using chromedriver 143.0.7499.192 (resolved driver for Chrome 143)
13/01/2026 12:14:29  INFO WebDriverManager:1270 - Exporting webdriver.chrome.driver as C:\Users\gonza\.cache\selenium\chromedriver\win64\143.0.7499.192\chromedriver.exe
13/01/2026 12:14:33  INFO TestBase:104 - Browser closed and test execution completed
13/01/2026 12:16:56  INFO TestBase:59 - Log4j configured successfully
13/01/2026 12:16:56  INFO TestBase:69 - Properties loaded successfully
13/01/2026 12:16:56  INFO WebDriverManager:1217 - Using chromedriver 143.0.7499.192 (resolved driver for Chrome 143)
13/01/2026 12:16:56  INFO WebDriverManager:1270 - Exporting webdriver.chrome.driver as C:\Users\gonza\.cache\selenium\chromedriver\win64\143.0.7499.192\chromedriver.exe
13/01/2026 12:16:59  INFO TestBase:104 - Browser closed and test execution completed
13/01/2026 12:17:19  INFO TestBase:59 - Log4j configured successfully
13/01/2026 12:17:19  INFO TestBase:69 - Properties loaded successfully
13/01/2026 12:17:19  INFO WebDriverManager:1217 - Using chromedriver 143.0.7499.192 (resolved driver for Chrome 143)
13/01/2026 12:17:19  INFO WebDriverManager:1270 - Exporting webdriver.chrome.driver as C:\Users\gonza\.cache\selenium\chromedriver\win64\143.0.7499.192\chromedriver.exe
13/01/2026 12:17:26  INFO TestBase:104 - Browser closed and test execution completed
13/01/2026 12:18:05  INFO TestBase:59 - Log4j configured successfully
13/01/2026 12:18:05  INFO TestBase:69 - Properties loaded successfully
13/01/2026 12:18:05  INFO WebDriverManager:1217 - Using chromedriver 143.0.7499.192 (resolved driver for Chrome 143)
13/01/2026 12:18:05  INFO WebDriverManager:1270 - Exporting webdriver.chrome.driver as C:\Users\gonza\.cache\selenium\chromedriver\win64\143.0.7499.192\chromedriver.exe
13/01/2026 12:18:12  INFO TestBase:104 - Browser closed and test execution completed
22/02/2026 22:35:12  INFO TestBase:59 - Log4j configured successfully
22/02/2026 22:35:12  INFO TestBase:69 - Properties loaded successfully
22/02/2026 22:35:12  INFO WebDriverManager:1217 - Using chromedriver 145.0.7632.77 (resolved driver for Chrome 145)
22/02/2026 22:35:12  INFO WebDriverManager:1270 - Exporting webdriver.chrome.driver as /home/dhanu/.cache/selenium/chromedriver/linux64/145.0.7632.77/chromedriver
22/02/2026 22:35:23  INFO TestBase:104 - Browser closed and test execution completed
22/02/2026 22:35:23  INFO TestBase:59 - Log4j configured successfully
22/02/2026 22:35:23  INFO TestBase:69 - Properties loaded successfully
22/02/2026 22:35:23  INFO WebDriverManager:1217 - Using chromedriver 145.0.7632.77 (resolved driver for Chrome 145)
22/02/2026 22:35:23  INFO WebDriverManager:1270 - Exporting webdriver.chrome.driver as /home/dhanu/.cache/selenium/chromedriver/linux64/145.0.7632.77/chromedriver
22/02/2026 22:35:34  INFO TestBase:104 - Browser closed and test execution completed
22/02/2026 22:35:34  INFO TestBase:59 - Log4j configured successfully
22/02/2026 22:35:34  INFO TestBase:69 - Properties loaded successfully
22/02/2026 22:35:34  INFO WebDriverManager:1217 - Using chromedriver 145.0.7632.77 (resolved driver for Chrome 145)
22/02/2026 22:35:34  INFO WebDriverManager:1270 - Exporting webdriver.chrome.driver as /home/dhanu/.cache/selenium/chromedriver/linux64/145.0.7632.77/chromedriver
22/02/2026 22:35:38  INFO TestBase:104 - Browser closed and test execution completed
22/02/2026 22:46:48  INFO TestBase:59 - Log4j configured successfully
22/02/2026 22:46:48  INFO TestBase:69 - Properties loaded successfully
22/02/2026 22:46:48  INFO WebDriverManager:1217 - Using chromedriver 145.0.7632.77 (resolved driver for Chrome 145)
22/02/2026 22:46:48  INFO WebDriverManager:1270 - Exporting webdriver.chrome.driver as /home/dhanu/.cache/selenium/chromedriver/linux64/145.0.7632.77/chromedriver
22/02/2026 22:46:59  INFO TestBase:104 - Browser closed and test execution completed
22/02/2026 22:46:59  INFO TestBase:59 - Log4j configured successfully
22/02/2026 22:46:59  INFO TestBase:69 - Properties loaded successfully
22/02/2026 22:46:59  INFO WebDriverManager:1217 - Using chromedriver 145.0.7632.77 (resolved driver for Chrome 145)
22/02/2026 22:46:59  INFO WebDriverManager:1270 - Exporting webdriver.chrome.driver as /home/dhanu/.cache/selenium/chromedriver/linux64/145.0.7632.77/chromedriver
22/02/2026 22:47:07  INFO TestBase:104 - Browser closed and test execution completed
22/02/2026 22:47:07  INFO TestBase:59 - Log4j configured successfully
22/02/2026 22:47:07  INFO TestBase:69 - Properties loaded successfully
22/02/2026 22:47:07  INFO WebDriverManager:1217 - Using chromedriver 145.0.7632.77 (resolved driver for Chrome 145)
22/02/2026 22:47:07  INFO WebDriverManager:1270 - Exporting webdriver.chrome.driver as /home/dhanu/.cache/selenium/chromedriver/linux64/145.0.7632.77/chromedriver
22/02/2026 22:47:11  INFO TestBase:104 - Browser closed and test execution completed
22/02/2026 23:09:14  INFO TestBase:59 - Log4j configured successfully
22/02/2026 23:09:14  INFO TestBase:69 - Properties loaded successfully
22/02/2026 23:09:14  INFO WebDriverManager:1246 - Using chromedriver 145.0.7632.77 (resolved driver for Chrome 145)
22/02/2026 23:09:14  INFO WebDriverManager:1308 - Exporting webdriver.chrome.driver as /home/dhanu/.cache/selenium/chromedriver/linux64/145.0.7632.77/chromedriver
22/02/2026 23:09:23  INFO TestBase:104 - Browser closed and test execution completed
22/02/2026 23:09:23  INFO TestBase:59 - Log4j configured successfully
22/02/2026 23:09:23  INFO TestBase:69 - Properties loaded successfully
22/02/2026 23:09:23  INFO WebDriverManager:1246 - Using chromedriver 145.0.7632.77 (resolved driver for Chrome 145)
22/02/2026 23:09:23  INFO WebDriverManager:1308 - Exporting webdriver.chrome.driver as /home/dhanu/.cache/selenium/chromedriver/linux64/145.0.7632.77/chromedriver
22/02/2026 23:09:34  INFO TestBase:104 - Browser closed and test execution completed
22/02/2026 23:09:34  INFO TestBase:59 - Log4j configured successfully
22/02/2026 23:09:34  INFO TestBase:69 - Properties loaded successfully
22/02/2026 23:09:34  INFO WebDriverManager:1246 - Using chromedriver 145.0.7632.77 (resolved driver for Chrome 145)
22/02/2026 23:09:34  INFO WebDriverManager:1308 - Exporting webdriver.chrome.driver as /home/dhanu/.cache/selenium/chromedriver/linux64/145.0.7632.77/chromedriver
22/02/2026 23:09:38  INFO TestBase:104 - Browser closed and test execution completed
